<h1>isp1</h1>
<h3>BGP peer: 10.42.1.6</h3>
<table>
  <tr>
    <td>Local AS</td><td>1</td>
  </tr>
  <tr>
    <td>Remote AS</td><td>65102</td>
  </tr>
  <tr>  
    <td>Uptime</td><td>1341</td>
  </tr>
</table>
<h3>BGP peer: 10.42.1.2</h3>
<table>
  <tr>
    <td>Local AS</td><td>1</td>
  </tr>
  <tr>
    <td>Remote AS</td><td>65101</td>
  </tr>
  <tr>  
    <td>Uptime</td><td>1313</td>
  </tr>
</table>
<h1>isp2</h1>
<h3>BGP peer: 10.42.2.2</h3>
<table>
  <tr>
    <td>Local AS</td><td>2</td>
  </tr>
  <tr>
    <td>Remote AS</td><td>65101</td>
  </tr>
  <tr>  
    <td>Uptime</td><td>1308</td>
  </tr>
</table>
<h3>BGP peer: 10.42.2.6</h3>
<table>
  <tr>
    <td>Local AS</td><td>2</td>
  </tr>
  <tr>
    <td>Remote AS</td><td>65102</td>
  </tr>
  <tr>  
    <td>Uptime</td><td>1341</td>
  </tr>
</table>
<h1>main-cs1</h1>
<h3>BGP peer: 10.10.0.1</h3>
<table>
  <tr>
    <td>Local AS</td><td>65101</td>
  </tr>
  <tr>
    <td>Remote AS</td><td>65101</td>
  </tr>
  <tr>  
    <td>Uptime</td><td>1171</td>
  </tr>
</table>
<h3>BGP peer: 10.10.0.10</h3>
<table>
  <tr>
    <td>Local AS</td><td>65101</td>
  </tr>
  <tr>
    <td>Remote AS</td><td>65101</td>
  </tr>
  <tr>  
    <td>Uptime</td><td>1160</td>
  </tr>
</table>
<h1>main-cs2</h1>
<h3>BGP peer: 10.10.0.5</h3>
<table>
  <tr>
    <td>Local AS</td><td>65101</td>
  </tr>
  <tr>
    <td>Remote AS</td><td>65101</td>
  </tr>
  <tr>  
    <td>Uptime</td><td>1181</td>
  </tr>
</table>
<h3>BGP peer: 10.10.0.9</h3>
<table>
  <tr>
    <td>Local AS</td><td>65101</td>
  </tr>
  <tr>
    <td>Remote AS</td><td>65101</td>
  </tr>
  <tr>  
    <td>Uptime</td><td>1171</td>
  </tr>
</table>
<h1>main-r1</h1>
<h3>BGP peer: 10.42.1.1</h3>
<table>
  <tr>
    <td>Local AS</td><td>65101</td>
  </tr>
  <tr>
    <td>Remote AS</td><td>1</td>
  </tr>
  <tr>  
    <td>Uptime</td><td>1287</td>
  </tr>
</table>
<h3>BGP peer: 10.10.0.2</h3>
<table>
  <tr>
    <td>Local AS</td><td>65101</td>
  </tr>
  <tr>
    <td>Remote AS</td><td>65101</td>
  </tr>
  <tr>  
    <td>Uptime</td><td>1287</td>
  </tr>
</table>
<h1>main-r2</h1>
<h3>BGP peer: 10.10.0.6</h3>
<table>
  <tr>
    <td>Local AS</td><td>65101</td>
  </tr>
  <tr>
    <td>Remote AS</td><td>65101</td>
  </tr>
  <tr>  
    <td>Uptime</td><td>1284</td>
  </tr>
</table>
<h3>BGP peer: 10.42.2.1</h3>
<table>
  <tr>
    <td>Local AS</td><td>65101</td>
  </tr>
  <tr>
    <td>Remote AS</td><td>2</td>
  </tr>
  <tr>  
    <td>Uptime</td><td>1280</td>
  </tr>
</table>
<h1>remote-cs1</h1>
<h3>BGP peer: 10.10.16.2</h3>
<table>
  <tr>
    <td>Local AS</td><td>65102</td>
  </tr>
  <tr>
    <td>Remote AS</td><td>65102</td>
  </tr>
  <tr>  
    <td>Uptime</td><td>1259</td>
  </tr>
</table>
<h1>remote-r1</h1>
<h3>BGP peer: 10.10.16.1</h3>
<table>
  <tr>
    <td>Local AS</td><td>65102</td>
  </tr>
  <tr>
    <td>Remote AS</td><td>65102</td>
  </tr>
  <tr>  
    <td>Uptime</td><td>1326</td>
  </tr>
</table>
<h3>BGP peer: 10.42.2.5</h3>
<table>
  <tr>
    <td>Local AS</td><td>65102</td>
  </tr>
  <tr>
    <td>Remote AS</td><td>2</td>
  </tr>
  <tr>  
    <td>Uptime</td><td>1331</td>
  </tr>
</table>
<h3>BGP peer: 10.42.1.5</h3>
<table>
  <tr>
    <td>Local AS</td><td>65102</td>
  </tr>
  <tr>
    <td>Remote AS</td><td>1</td>
  </tr>
  <tr>  
    <td>Uptime</td><td>1331</td>
  </tr>
</table>
