<h1>isp1</h1>
<h2>BGP peer: 10.42.1.2</h2>
<table>
  <tr>
    <td>Local AS</td>
    <td>1</td>
    <td>Remote AS</td><td>65101</td>
    <td>Uptime</td><td>1728000</td>
  </tr>
</table>
<h2>BGP peer: 10.42.1.6</h2>
<table>
  <tr>
    <td>Local AS</td>
    <td>1</td>
    <td>Remote AS</td><td>65102</td>
    <td>Uptime</td><td>1728000</td>
  </tr>
</table>
<h1>isp2</h1>
<h2>BGP peer: 10.42.2.6</h2>
<table>
  <tr>
    <td>Local AS</td>
    <td>2</td>
    <td>Remote AS</td><td>65102</td>
    <td>Uptime</td><td>1728000</td>
  </tr>
</table>
<h2>BGP peer: 10.42.2.2</h2>
<table>
  <tr>
    <td>Local AS</td>
    <td>2</td>
    <td>Remote AS</td><td>65101</td>
    <td>Uptime</td><td>1728000</td>
  </tr>
</table>
<h1>main-cs1</h1>
<h2>BGP peer: 10.10.0.1</h2>
<table>
  <tr>
    <td>Local AS</td>
    <td>65101</td>
    <td>Remote AS</td><td>65101</td>
    <td>Uptime</td><td>93600</td>
  </tr>
</table>
<h2>BGP peer: 10.10.0.10</h2>
<table>
  <tr>
    <td>Local AS</td>
    <td>65101</td>
    <td>Remote AS</td><td>65101</td>
    <td>Uptime</td><td>93600</td>
  </tr>
</table>
<h1>main-cs2</h1>
<h2>BGP peer: 10.10.0.5</h2>
<table>
  <tr>
    <td>Local AS</td>
    <td>65101</td>
    <td>Remote AS</td><td>65101</td>
    <td>Uptime</td><td>93600</td>
  </tr>
</table>
<h2>BGP peer: 10.10.0.9</h2>
<table>
  <tr>
    <td>Local AS</td>
    <td>65101</td>
    <td>Remote AS</td><td>65101</td>
    <td>Uptime</td><td>93600</td>
  </tr>
</table>
<h1>main-r1</h1>
<h2>BGP peer: 10.42.1.1</h2>
<table>
  <tr>
    <td>Local AS</td>
    <td>65101</td>
    <td>Remote AS</td><td>1</td>
    <td>Uptime</td><td>1641600</td>
  </tr>
</table>
<h2>BGP peer: 10.10.0.2</h2>
<table>
  <tr>
    <td>Local AS</td>
    <td>65101</td>
    <td>Remote AS</td><td>65101</td>
    <td>Uptime</td><td>100800</td>
  </tr>
</table>
<h1>main-r2</h1>
<h2>BGP peer: 10.10.0.6</h2>
<table>
  <tr>
    <td>Local AS</td>
    <td>65101</td>
    <td>Remote AS</td><td>65101</td>
    <td>Uptime</td><td>100800</td>
  </tr>
</table>
<h2>BGP peer: 10.42.2.1</h2>
<table>
  <tr>
    <td>Local AS</td>
    <td>65101</td>
    <td>Remote AS</td><td>2</td>
    <td>Uptime</td><td>1641600</td>
  </tr>
</table>
<h1>remote-cs1</h1>
<h2>BGP peer: 10.10.16.2</h2>
<table>
  <tr>
    <td>Local AS</td>
    <td>65102</td>
    <td>Remote AS</td><td>65102</td>
    <td>Uptime</td><td>97200</td>
  </tr>
</table>
<h1>remote-r1</h1>
<h2>BGP peer: 10.42.2.5</h2>
<table>
  <tr>
    <td>Local AS</td>
    <td>65102</td>
    <td>Remote AS</td><td>2</td>
    <td>Uptime</td><td>1728000</td>
  </tr>
</table>
<h2>BGP peer: 10.42.1.5</h2>
<table>
  <tr>
    <td>Local AS</td>
    <td>65102</td>
    <td>Remote AS</td><td>1</td>
    <td>Uptime</td><td>1728000</td>
  </tr>
</table>
<h2>BGP peer: 10.10.16.1</h2>
<table>
  <tr>
    <td>Local AS</td>
    <td>65102</td>
    <td>Remote AS</td><td>65102</td>
    <td>Uptime</td><td>100800</td>
  </tr>
</table>
